mode: set
auditlogs-demo/work/auditlogs-demo/auditlogs/audit.go:39.62,41.16 2 0
auditlogs-demo/work/auditlogs-demo/auditlogs/audit.go:41.16,43.3 1 0
auditlogs-demo/work/auditlogs-demo/auditlogs/audit.go:44.2,46.27 2 0
auditlogs-demo/work/auditlogs-demo/auditlogs/audit.go:46.27,48.17 2 0
auditlogs-demo/work/auditlogs-demo/auditlogs/audit.go:48.17,50.4 1 0
auditlogs-demo/work/auditlogs-demo/auditlogs/audit.go:51.3,51.59 1 0
auditlogs-demo/work/auditlogs-demo/auditlogs/audit.go:51.59,53.4 1 0
auditlogs-demo/work/auditlogs-demo/auditlogs/audit.go:55.2,55.12 1 0
auditlogs-demo/work/auditlogs-demo/auditlogs/audit.go:65.88,69.6 3 1
auditlogs-demo/work/auditlogs-demo/auditlogs/audit.go:69.6,70.10 1 1
auditlogs-demo/work/auditlogs-demo/auditlogs/audit.go:71.32,72.11 1 1
auditlogs-demo/work/auditlogs-demo/auditlogs/audit.go:72.11,74.22 1 1
auditlogs-demo/work/auditlogs-demo/auditlogs/audit.go:74.22,76.6 1 0
auditlogs-demo/work/auditlogs-demo/auditlogs/audit.go:77.5,77.11 1 1
auditlogs-demo/work/auditlogs-demo/auditlogs/audit.go:79.4,80.30 2 1
auditlogs-demo/work/auditlogs-demo/auditlogs/audit.go:80.30,83.5 2 1
auditlogs-demo/work/auditlogs-demo/auditlogs/audit.go:84.18,85.21 1 1
auditlogs-demo/work/auditlogs-demo/auditlogs/audit.go:85.21,88.5 2 1
auditlogs-demo/work/auditlogs-demo/auditlogs/audit.go:89.4,89.30 1 1
auditlogs-demo/work/auditlogs-demo/auditlogs/audit.go:102.53,103.20 1 0
auditlogs-demo/work/auditlogs-demo/auditlogs/audit.go:103.20,105.3 1 0
auditlogs-demo/work/auditlogs-demo/auditlogs/audit.go:108.2,108.43 1 0
auditlogs-demo/work/auditlogs-demo/auditlogs/audit.go:108.43,110.17 2 0
auditlogs-demo/work/auditlogs-demo/auditlogs/audit.go:110.17,113.12 3 0
auditlogs-demo/work/auditlogs-demo/auditlogs/audit.go:116.3,117.17 2 0
auditlogs-demo/work/auditlogs-demo/auditlogs/audit.go:117.17,121.12 4 0
auditlogs-demo/work/auditlogs-demo/auditlogs/audit.go:124.3,125.28 2 0
auditlogs-demo/work/auditlogs-demo/auditlogs/audit.go:125.28,127.18 2 0
auditlogs-demo/work/auditlogs-demo/auditlogs/audit.go:127.18,130.10 3 0
auditlogs-demo/work/auditlogs-demo/auditlogs/audit.go:133.3,136.14 2 0
auditlogs-demo/work/auditlogs-demo/auditlogs/audit.go:136.14,138.18 2 0
auditlogs-demo/work/auditlogs-demo/auditlogs/audit.go:138.18,141.13 3 0
auditlogs-demo/work/auditlogs-demo/auditlogs/audit.go:143.4,143.10 1 0
auditlogs-demo/work/auditlogs-demo/auditlogs/audit.go:144.9,146.4 1 0
auditlogs-demo/work/auditlogs-demo/auditlogs/audit.go:149.2,150.31 2 0
auditlogs-demo/work/auditlogs-demo/auditlogs/audit.go:150.31,151.57 1 0
auditlogs-demo/work/auditlogs-demo/auditlogs/audit.go:151.57,153.4 1 0
auditlogs-demo/work/auditlogs-demo/auditlogs/audit.go:166.54,174.2 1 1
auditlogs-demo/work/auditlogs-demo/auditlogs/audit.go:177.51,178.20 1 1
auditlogs-demo/work/auditlogs-demo/auditlogs/audit.go:178.20,180.3 1 0
auditlogs-demo/work/auditlogs-demo/auditlogs/audit.go:183.2,193.27 2 1
auditlogs-demo/work/auditlogs-demo/auditlogs/audit.go:193.27,195.17 2 1
auditlogs-demo/work/auditlogs-demo/auditlogs/audit.go:195.17,197.12 2 0
auditlogs-demo/work/auditlogs-demo/auditlogs/audit.go:199.3,202.4 1 1
auditlogs-demo/work/auditlogs-demo/auditlogs/audit.go:206.2,212.16 3 1
auditlogs-demo/work/auditlogs-demo/auditlogs/audit.go:212.16,215.3 2 0
auditlogs-demo/work/auditlogs-demo/auditlogs/audit.go:218.2,219.16 2 1
auditlogs-demo/work/auditlogs-demo/auditlogs/audit.go:219.16,222.3 2 0
auditlogs-demo/work/auditlogs-demo/auditlogs/audit.go:224.2,225.21 2 1
auditlogs-demo/work/auditlogs-demo/auditlogs/audit.go:225.21,227.3 1 1
auditlogs-demo/work/auditlogs-demo/auditlogs/audit.go:230.2,231.16 2 1
auditlogs-demo/work/auditlogs-demo/auditlogs/audit.go:231.16,234.3 2 1
auditlogs-demo/work/auditlogs-demo/auditlogs/audit.go:235.2,237.45 2 1
auditlogs-demo/work/auditlogs-demo/auditlogs/audit.go:237.45,239.3 1 1
auditlogs-demo/work/auditlogs-demo/auditlogs/audit.go:258.121,262.16 4 1
auditlogs-demo/work/auditlogs-demo/auditlogs/audit.go:262.16,264.3 1 0
auditlogs-demo/work/auditlogs-demo/auditlogs/audit.go:267.2,267.34 1 1
auditlogs-demo/work/auditlogs-demo/auditlogs/audit.go:267.34,269.3 1 1
auditlogs-demo/work/auditlogs-demo/auditlogs/audit.go:274.61,275.71 1 1
auditlogs-demo/work/auditlogs-demo/auditlogs/audit.go:275.71,291.10 5 1
auditlogs-demo/work/auditlogs-demo/auditlogs/audit.go:292.31,292.31 0 1
auditlogs-demo/work/auditlogs-demo/auditlogs/audit.go:293.11,296.18 2 1
auditlogs-demo/work/auditlogs-demo/auditlogs/audit.go:296.18,299.5 2 0
auditlogs-demo/work/auditlogs-demo/auditlogs/audit.go:306.40,308.16 2 1
auditlogs-demo/work/auditlogs-demo/auditlogs/audit.go:308.16,310.3 1 0
auditlogs-demo/work/auditlogs-demo/auditlogs/audit.go:311.2,312.16 2 1
auditlogs-demo/work/auditlogs-demo/auditlogs/audit.go:312.16,314.3 1 0
auditlogs-demo/work/auditlogs-demo/auditlogs/audit.go:315.2,315.12 1 1
auditlogs-demo/work/auditlogs-demo/auditlogs/audit.go:325.57,328.2 2 1
